<?xml version="1.0" encoding="UTF-8"?>
<testsuite xmlns:xsi="http://www.w3.org/2001/XMLSchema-instance" xsi:noNamespaceSchemaLocation="https://maven.apache.org/surefire/maven-surefire-plugin/xsd/surefire-test-report.xsd" version="3.0.2" name="fr.insee.rmes.AppTest" time="0.068" tests="1" errors="0" skipped="0" failures="0">
  <properties>
    <property name="java.specification.version" value="23"/>
    <property name="sun.jnu.encoding" value="UTF-8"/>
    <property name="java.class.path" value="/Users/emmanueldemey/Documents/workspaces/Bauhaus-Back-Office/module-infrastructure/target/test-classes:/Users/emmanueldemey/Documents/workspaces/Bauhaus-Back-Office/module-infrastructure/target/classes:/Users/emmanueldemey/.m2/repository/org/springframework/boot/spring-boot-starter-web/3.5.5/spring-boot-starter-web-3.5.5.jar:/Users/emmanueldemey/.m2/repository/org/springframework/boot/spring-boot-starter/3.5.5/spring-boot-starter-3.5.5.jar:/Users/emmanueldemey/.m2/repository/org/springframework/boot/spring-boot/3.5.5/spring-boot-3.5.5.jar:/Users/emmanueldemey/.m2/repository/org/springframework/boot/spring-boot-autoconfigure/3.5.5/spring-boot-autoconfigure-3.5.5.jar:/Users/emmanueldemey/.m2/repository/org/springframework/boot/spring-boot-starter-logging/3.5.5/spring-boot-starter-logging-3.5.5.jar:/Users/emmanueldemey/.m2/repository/ch/qos/logback/logback-classic/1.5.18/logback-classic-1.5.18.jar:/Users/emmanueldemey/.m2/repository/ch/qos/logback/logback-core/1.5.18/logback-core-1.5.18.jar:/Users/emmanueldemey/.m2/repository/org/apache/logging/log4j/log4j-to-slf4j/2.24.3/log4j-to-slf4j-2.24.3.jar:/Users/emmanueldemey/.m2/repository/org/apache/logging/log4j/log4j-api/2.24.3/log4j-api-2.24.3.jar:/Users/emmanueldemey/.m2/repository/org/slf4j/jul-to-slf4j/2.0.17/jul-to-slf4j-2.0.17.jar:/Users/emmanueldemey/.m2/repository/jakarta/annotation/jakarta.annotation-api/2.1.1/jakarta.annotation-api-2.1.1.jar:/Users/emmanueldemey/.m2/repository/org/yaml/snakeyaml/2.4/snakeyaml-2.4.jar:/Users/emmanueldemey/.m2/repository/org/springframework/boot/spring-boot-starter-json/3.5.5/spring-boot-starter-json-3.5.5.jar:/Users/emmanueldemey/.m2/repository/com/fasterxml/jackson/datatype/jackson-datatype-jdk8/2.19.2/jackson-datatype-jdk8-2.19.2.jar:/Users/emmanueldemey/.m2/repository/com/fasterxml/jackson/datatype/jackson-datatype-jsr310/2.19.2/jackson-datatype-jsr310-2.19.2.jar:/Users/emmanueldemey/.m2/repository/com/fasterxml/jackson/module/jackson-module-parameter-names/2.19.2/jackson-module-parameter-names-2.19.2.jar:/Users/emmanueldemey/.m2/repository/org/springframework/boot/spring-boot-starter-tomcat/3.5.5/spring-boot-starter-tomcat-3.5.5.jar:/Users/emmanueldemey/.m2/repository/org/apache/tomcat/embed/tomcat-embed-core/10.1.44/tomcat-embed-core-10.1.44.jar:/Users/emmanueldemey/.m2/repository/org/apache/tomcat/embed/tomcat-embed-el/10.1.44/tomcat-embed-el-10.1.44.jar:/Users/emmanueldemey/.m2/repository/org/apache/tomcat/embed/tomcat-embed-websocket/10.1.44/tomcat-embed-websocket-10.1.44.jar:/Users/emmanueldemey/.m2/repository/org/springframework/spring-web/6.2.10/spring-web-6.2.10.jar:/Users/emmanueldemey/.m2/repository/org/springframework/spring-beans/6.2.10/spring-beans-6.2.10.jar:/Users/emmanueldemey/.m2/repository/io/micrometer/micrometer-observation/1.15.3/micrometer-observation-1.15.3.jar:/Users/emmanueldemey/.m2/repository/io/micrometer/micrometer-commons/1.15.3/micrometer-commons-1.15.3.jar:/Users/emmanueldemey/.m2/repository/org/springframework/spring-webmvc/6.2.10/spring-webmvc-6.2.10.jar:/Users/emmanueldemey/.m2/repository/org/springframework/spring-context/6.2.10/spring-context-6.2.10.jar:/Users/emmanueldemey/.m2/repository/org/springframework/spring-expression/6.2.10/spring-expression-6.2.10.jar:/Users/emmanueldemey/.m2/repository/io/minio/minio/8.5.17/minio-8.5.17.jar:/Users/emmanueldemey/.m2/repository/com/carrotsearch/thirdparty/simple-xml-safe/2.7.1/simple-xml-safe-2.7.1.jar:/Users/emmanueldemey/.m2/repository/com/google/guava/guava/33.3.1-jre/guava-33.3.1-jre.jar:/Users/emmanueldemey/.m2/repository/com/google/guava/failureaccess/1.0.2/failureaccess-1.0.2.jar:/Users/emmanueldemey/.m2/repository/com/google/guava/listenablefuture/9999.0-empty-to-avoid-conflict-with-guava/listenablefuture-9999.0-empty-to-avoid-conflict-with-guava.jar:/Users/emmanueldemey/.m2/repository/com/google/code/findbugs/jsr305/3.0.2/jsr305-3.0.2.jar:/Users/emmanueldemey/.m2/repository/org/checkerframework/checker-qual/3.43.0/checker-qual-3.43.0.jar:/Users/emmanueldemey/.m2/repository/com/google/errorprone/error_prone_annotations/2.28.0/error_prone_annotations-2.28.0.jar:/Users/emmanueldemey/.m2/repository/com/google/j2objc/j2objc-annotations/3.0.0/j2objc-annotations-3.0.0.jar:/Users/emmanueldemey/.m2/repository/com/squareup/okhttp3/okhttp/4.12.0/okhttp-4.12.0.jar:/Users/emmanueldemey/.m2/repository/com/squareup/okio/okio/3.6.0/okio-3.6.0.jar:/Users/emmanueldemey/.m2/repository/com/squareup/okio/okio-jvm/3.6.0/okio-jvm-3.6.0.jar:/Users/emmanueldemey/.m2/repository/org/jetbrains/kotlin/kotlin-stdlib-common/1.9.25/kotlin-stdlib-common-1.9.25.jar:/Users/emmanueldemey/.m2/repository/org/jetbrains/kotlin/kotlin-stdlib-jdk8/1.9.25/kotlin-stdlib-jdk8-1.9.25.jar:/Users/emmanueldemey/.m2/repository/org/jetbrains/kotlin/kotlin-stdlib/1.9.25/kotlin-stdlib-1.9.25.jar:/Users/emmanueldemey/.m2/repository/org/jetbrains/kotlin/kotlin-stdlib-jdk7/1.9.25/kotlin-stdlib-jdk7-1.9.25.jar:/Users/emmanueldemey/.m2/repository/com/fasterxml/jackson/core/jackson-annotations/2.19.2/jackson-annotations-2.19.2.jar:/Users/emmanueldemey/.m2/repository/com/fasterxml/jackson/core/jackson-core/2.19.2/jackson-core-2.19.2.jar:/Users/emmanueldemey/.m2/repository/com/fasterxml/jackson/core/jackson-databind/2.19.2/jackson-databind-2.19.2.jar:/Users/emmanueldemey/.m2/repository/org/bouncycastle/bcprov-jdk18on/1.78.1/bcprov-jdk18on-1.78.1.jar:/Users/emmanueldemey/.m2/repository/org/apache/commons/commons-compress/1.27.1/commons-compress-1.27.1.jar:/Users/emmanueldemey/.m2/repository/commons-io/commons-io/2.16.1/commons-io-2.16.1.jar:/Users/emmanueldemey/.m2/repository/org/apache/commons/commons-lang3/3.17.0/commons-lang3-3.17.0.jar:/Users/emmanueldemey/.m2/repository/commons-codec/commons-codec/1.18.0/commons-codec-1.18.0.jar:/Users/emmanueldemey/.m2/repository/org/xerial/snappy/snappy-java/1.1.10.7/snappy-java-1.1.10.7.jar:/Users/emmanueldemey/.m2/repository/com/fasterxml/jackson/dataformat/jackson-dataformat-xml/2.19.2/jackson-dataformat-xml-2.19.2.jar:/Users/emmanueldemey/.m2/repository/org/codehaus/woodstox/stax2-api/4.2.2/stax2-api-4.2.2.jar:/Users/emmanueldemey/.m2/repository/com/fasterxml/woodstox/woodstox-core/7.1.1/woodstox-core-7.1.1.jar:/Users/emmanueldemey/.m2/repository/org/zeroturnaround/zt-zip/1.17/zt-zip-1.17.jar:/Users/emmanueldemey/.m2/repository/org/slf4j/slf4j-api/2.0.17/slf4j-api-2.0.17.jar:/Users/emmanueldemey/.m2/repository/org/glassfish/jaxb/jaxb-runtime/4.0.5/jaxb-runtime-4.0.5.jar:/Users/emmanueldemey/.m2/repository/org/glassfish/jaxb/jaxb-core/4.0.5/jaxb-core-4.0.5.jar:/Users/emmanueldemey/.m2/repository/jakarta/activation/jakarta.activation-api/2.1.3/jakarta.activation-api-2.1.3.jar:/Users/emmanueldemey/.m2/repository/org/eclipse/angus/angus-activation/2.0.2/angus-activation-2.0.2.jar:/Users/emmanueldemey/.m2/repository/org/glassfish/jaxb/txw2/4.0.5/txw2-4.0.5.jar:/Users/emmanueldemey/.m2/repository/com/sun/istack/istack-commons-runtime/4.1.2/istack-commons-runtime-4.1.2.jar:/Users/emmanueldemey/.m2/repository/jakarta/validation/jakarta.validation-api/3.0.2/jakarta.validation-api-3.0.2.jar:/Users/emmanueldemey/.m2/repository/org/springframework/boot/spring-boot-starter-oauth2-resource-server/3.5.5/spring-boot-starter-oauth2-resource-server-3.5.5.jar:/Users/emmanueldemey/.m2/repository/org/springframework/security/spring-security-config/6.5.3/spring-security-config-6.5.3.jar:/Users/emmanueldemey/.m2/repository/org/springframework/security/spring-security-core/6.5.3/spring-security-core-6.5.3.jar:/Users/emmanueldemey/.m2/repository/org/springframework/security/spring-security-crypto/6.5.3/spring-security-crypto-6.5.3.jar:/Users/emmanueldemey/.m2/repository/org/springframework/security/spring-security-oauth2-resource-server/6.5.3/spring-security-oauth2-resource-server-6.5.3.jar:/Users/emmanueldemey/.m2/repository/org/springframework/security/spring-security-oauth2-core/6.5.3/spring-security-oauth2-core-6.5.3.jar:/Users/emmanueldemey/.m2/repository/org/springframework/security/spring-security-oauth2-jose/6.5.3/spring-security-oauth2-jose-6.5.3.jar:/Users/emmanueldemey/.m2/repository/com/nimbusds/nimbus-jose-jwt/9.37.3/nimbus-jose-jwt-9.37.3.jar:/Users/emmanueldemey/.m2/repository/com/github/stephenc/jcip/jcip-annotations/1.0-1/jcip-annotations-1.0-1.jar:/Users/emmanueldemey/.m2/repository/org/springframework/boot/spring-boot-starter-security/3.5.5/spring-boot-starter-security-3.5.5.jar:/Users/emmanueldemey/.m2/repository/org/springframework/spring-aop/6.2.10/spring-aop-6.2.10.jar:/Users/emmanueldemey/.m2/repository/org/springframework/security/spring-security-web/6.5.3/spring-security-web-6.5.3.jar:/Users/emmanueldemey/.m2/repository/com/auth0/java-jwt/4.5.0/java-jwt-4.5.0.jar:/Users/emmanueldemey/.m2/repository/org/springframework/boot/spring-boot-starter-test/3.5.5/spring-boot-starter-test-3.5.5.jar:/Users/emmanueldemey/.m2/repository/org/springframework/boot/spring-boot-test/3.5.5/spring-boot-test-3.5.5.jar:/Users/emmanueldemey/.m2/repository/org/springframework/boot/spring-boot-test-autoconfigure/3.5.5/spring-boot-test-autoconfigure-3.5.5.jar:/Users/emmanueldemey/.m2/repository/com/jayway/jsonpath/json-path/2.9.0/json-path-2.9.0.jar:/Users/emmanueldemey/.m2/repository/jakarta/xml/bind/jakarta.xml.bind-api/4.0.2/jakarta.xml.bind-api-4.0.2.jar:/Users/emmanueldemey/.m2/repository/net/minidev/json-smart/2.5.2/json-smart-2.5.2.jar:/Users/emmanueldemey/.m2/repository/net/minidev/accessors-smart/2.5.2/accessors-smart-2.5.2.jar:/Users/emmanueldemey/.m2/repository/org/ow2/asm/asm/9.7.1/asm-9.7.1.jar:/Users/emmanueldemey/.m2/repository/org/assertj/assertj-core/3.27.4/assertj-core-3.27.4.jar:/Users/emmanueldemey/.m2/repository/net/bytebuddy/byte-buddy/1.17.7/byte-buddy-1.17.7.jar:/Users/emmanueldemey/.m2/repository/org/awaitility/awaitility/4.2.2/awaitility-4.2.2.jar:/Users/emmanueldemey/.m2/repository/org/hamcrest/hamcrest/3.0/hamcrest-3.0.jar:/Users/emmanueldemey/.m2/repository/org/junit/jupiter/junit-jupiter/5.12.2/junit-jupiter-5.12.2.jar:/Users/emmanueldemey/.m2/repository/org/junit/jupiter/junit-jupiter-api/5.12.2/junit-jupiter-api-5.12.2.jar:/Users/emmanueldemey/.m2/repository/org/opentest4j/opentest4j/1.3.0/opentest4j-1.3.0.jar:/Users/emmanueldemey/.m2/repository/org/junit/platform/junit-platform-commons/1.12.2/junit-platform-commons-1.12.2.jar:/Users/emmanueldemey/.m2/repository/org/apiguardian/apiguardian-api/1.1.2/apiguardian-api-1.1.2.jar:/Users/emmanueldemey/.m2/repository/org/junit/jupiter/junit-jupiter-params/5.12.2/junit-jupiter-params-5.12.2.jar:/Users/emmanueldemey/.m2/repository/org/junit/jupiter/junit-jupiter-engine/5.12.2/junit-jupiter-engine-5.12.2.jar:/Users/emmanueldemey/.m2/repository/org/junit/platform/junit-platform-engine/1.12.2/junit-platform-engine-1.12.2.jar:/Users/emmanueldemey/.m2/repository/org/mockito/mockito-core/5.17.0/mockito-core-5.17.0.jar:/Users/emmanueldemey/.m2/repository/net/bytebuddy/byte-buddy-agent/1.17.7/byte-buddy-agent-1.17.7.jar:/Users/emmanueldemey/.m2/repository/org/objenesis/objenesis/3.3/objenesis-3.3.jar:/Users/emmanueldemey/.m2/repository/org/mockito/mockito-junit-jupiter/5.17.0/mockito-junit-jupiter-5.17.0.jar:/Users/emmanueldemey/.m2/repository/org/skyscreamer/jsonassert/1.5.3/jsonassert-1.5.3.jar:/Users/emmanueldemey/.m2/repository/org/springframework/spring-core/6.2.10/spring-core-6.2.10.jar:/Users/emmanueldemey/.m2/repository/org/springframework/spring-jcl/6.2.10/spring-jcl-6.2.10.jar:/Users/emmanueldemey/.m2/repository/org/springframework/spring-test/6.2.10/spring-test-6.2.10.jar:/Users/emmanueldemey/.m2/repository/org/springframework/security/spring-security-test/6.5.3/spring-security-test-6.5.3.jar:/Users/emmanueldemey/.m2/repository/org/xmlunit/xmlunit-core/2.10.3/xmlunit-core-2.10.3.jar:/Users/emmanueldemey/.m2/repository/org/springdoc/springdoc-openapi-starter-webmvc-ui/2.8.3/springdoc-openapi-starter-webmvc-ui-2.8.3.jar:/Users/emmanueldemey/.m2/repository/org/springdoc/springdoc-openapi-starter-webmvc-api/2.8.3/springdoc-openapi-starter-webmvc-api-2.8.3.jar:/Users/emmanueldemey/.m2/repository/org/springdoc/springdoc-openapi-starter-common/2.8.3/springdoc-openapi-starter-common-2.8.3.jar:/Users/emmanueldemey/.m2/repository/io/swagger/core/v3/swagger-core-jakarta/2.2.27/swagger-core-jakarta-2.2.27.jar:/Users/emmanueldemey/.m2/repository/io/swagger/core/v3/swagger-annotations-jakarta/2.2.27/swagger-annotations-jakarta-2.2.27.jar:/Users/emmanueldemey/.m2/repository/io/swagger/core/v3/swagger-models-jakarta/2.2.27/swagger-models-jakarta-2.2.27.jar:/Users/emmanueldemey/.m2/repository/com/fasterxml/jackson/dataformat/jackson-dataformat-yaml/2.19.2/jackson-dataformat-yaml-2.19.2.jar:/Users/emmanueldemey/.m2/repository/org/webjars/swagger-ui/5.18.2/swagger-ui-5.18.2.jar:/Users/emmanueldemey/.m2/repository/org/webjars/webjars-locator-lite/1.1.0/webjars-locator-lite-1.1.0.jar:/Users/emmanueldemey/.m2/repository/org/jspecify/jspecify/1.0.0/jspecify-1.0.0.jar:/Users/emmanueldemey/.m2/repository/org/eclipse/rdf4j/rdf4j-repository-http/5.1.0/rdf4j-repository-http-5.1.0.jar:/Users/emmanueldemey/.m2/repository/org/eclipse/rdf4j/rdf4j-repository-api/5.1.0/rdf4j-repository-api-5.1.0.jar:/Users/emmanueldemey/.m2/repository/org/eclipse/rdf4j/rdf4j-common-transaction/5.1.0/rdf4j-common-transaction-5.1.0.jar:/Users/emmanueldemey/.m2/repository/org/eclipse/rdf4j/rdf4j-http-client/5.1.0/rdf4j-http-client-5.1.0.jar:/Users/emmanueldemey/.m2/repository/org/eclipse/rdf4j/rdf4j-queryresultio-binary/5.1.0/rdf4j-queryresultio-binary-5.1.0.jar:/Users/emmanueldemey/.m2/repository/org/eclipse/rdf4j/rdf4j-queryresultio-sparqlxml/5.1.0/rdf4j-queryresultio-sparqlxml-5.1.0.jar:/Users/emmanueldemey/.m2/repository/org/apache/httpcomponents/httpclient/4.5.14/httpclient-4.5.14.jar:/Users/emmanueldemey/.m2/repository/org/apache/httpcomponents/httpcore/4.4.16/httpcore-4.4.16.jar:/Users/emmanueldemey/.m2/repository/org/eclipse/rdf4j/rdf4j-sail-api/5.1.0/rdf4j-sail-api-5.1.0.jar:/Users/emmanueldemey/.m2/repository/org/eclipse/rdf4j/rdf4j-common-order/5.1.0/rdf4j-common-order-5.1.0.jar:/Users/emmanueldemey/.m2/repository/org/eclipse/rdf4j/rdf4j-collection-factory-api/5.1.0/rdf4j-collection-factory-api-5.1.0.jar:/Users/emmanueldemey/.m2/repository/org/eclipse/rdf4j/rdf4j-http-protocol/5.1.0/rdf4j-http-protocol-5.1.0.jar:/Users/emmanueldemey/.m2/repository/org/eclipse/rdf4j/rdf4j-rio-ntriples/5.1.0/rdf4j-rio-ntriples-5.1.0.jar:/Users/emmanueldemey/.m2/repository/org/eclipse/rdf4j/rdf4j-common-xml/5.1.0/rdf4j-common-xml-5.1.0.jar:/Users/emmanueldemey/.m2/repository/org/eclipse/rdf4j/rdf4j-query/5.1.0/rdf4j-query-5.1.0.jar:/Users/emmanueldemey/.m2/repository/org/apache/commons/commons-text/1.10.0/commons-text-1.10.0.jar:/Users/emmanueldemey/.m2/repository/org/eclipse/rdf4j/rdf4j-queryparser-api/5.1.0/rdf4j-queryparser-api-5.1.0.jar:/Users/emmanueldemey/.m2/repository/org/eclipse/rdf4j/rdf4j-queryalgebra-model/5.1.0/rdf4j-queryalgebra-model-5.1.0.jar:/Users/emmanueldemey/.m2/repository/org/eclipse/rdf4j/rdf4j-queryresultio-api/5.1.0/rdf4j-queryresultio-api-5.1.0.jar:/Users/emmanueldemey/.m2/repository/org/eclipse/rdf4j/rdf4j-rio-api/5.1.0/rdf4j-rio-api-5.1.0.jar:/Users/emmanueldemey/.m2/repository/no/hasmac/hasmac-json-ld/0.9.0/hasmac-json-ld-0.9.0.jar:/Users/emmanueldemey/.m2/repository/com/github/jsonld-java/jsonld-java/0.13.4/jsonld-java-0.13.4.jar:/Users/emmanueldemey/.m2/repository/org/eclipse/rdf4j/rdf4j-model/5.1.0/rdf4j-model-5.1.0.jar:/Users/emmanueldemey/.m2/repository/org/eclipse/rdf4j/rdf4j-model-api/5.1.0/rdf4j-model-api-5.1.0.jar:/Users/emmanueldemey/.m2/repository/org/eclipse/rdf4j/rdf4j-common-annotation/5.1.0/rdf4j-common-annotation-5.1.0.jar:/Users/emmanueldemey/.m2/repository/org/eclipse/rdf4j/rdf4j-model-vocabulary/5.1.0/rdf4j-model-vocabulary-5.1.0.jar:/Users/emmanueldemey/.m2/repository/org/eclipse/rdf4j/rdf4j-common-exception/5.1.0/rdf4j-common-exception-5.1.0.jar:/Users/emmanueldemey/.m2/repository/org/eclipse/rdf4j/rdf4j-common-text/5.1.0/rdf4j-common-text-5.1.0.jar:/Users/emmanueldemey/.m2/repository/org/eclipse/rdf4j/rdf4j-common-io/5.1.0/rdf4j-common-io-5.1.0.jar:/Users/emmanueldemey/.m2/repository/org/eclipse/rdf4j/rdf4j-common-iterator/5.1.0/rdf4j-common-iterator-5.1.0.jar:/Users/emmanueldemey/.m2/repository/org/eclipse/rdf4j/rdf4j-rio-binary/5.1.0/rdf4j-rio-binary-5.1.0.jar:/Users/emmanueldemey/.m2/repository/org/eclipse/rdf4j/rdf4j-queryresultio-sparqljson/5.1.0/rdf4j-queryresultio-sparqljson-5.1.0.jar:/Users/emmanueldemey/.m2/repository/org/eclipse/rdf4j/rdf4j-rio-trig/5.1.0/rdf4j-rio-trig-5.1.0.jar:/Users/emmanueldemey/.m2/repository/org/eclipse/rdf4j/rdf4j-rio-turtle/5.1.0/rdf4j-rio-turtle-5.1.0.jar:/Users/emmanueldemey/.m2/repository/org/eclipse/rdf4j/rdf4j-rio-datatypes/5.1.0/rdf4j-rio-datatypes-5.1.0.jar:/Users/emmanueldemey/.m2/repository/org/eclipse/rdf4j/rdf4j-rio-languages/5.1.0/rdf4j-rio-languages-5.1.0.jar:/Users/emmanueldemey/.m2/repository/org/json/json/20250107/json-20250107.jar:/Users/emmanueldemey/.m2/repository/net/sf/saxon/Saxon-HE/12.5/Saxon-HE-12.5.jar:/Users/emmanueldemey/.m2/repository/org/xmlresolver/xmlresolver/5.2.2/xmlresolver-5.2.2.jar:/Users/emmanueldemey/.m2/repository/org/apache/httpcomponents/client5/httpclient5/5.5/httpclient5-5.5.jar:/Users/emmanueldemey/.m2/repository/org/apache/httpcomponents/core5/httpcore5-h2/5.3.4/httpcore5-h2-5.3.4.jar:/Users/emmanueldemey/.m2/repository/org/apache/httpcomponents/core5/httpcore5/5.3.4/httpcore5-5.3.4.jar:/Users/emmanueldemey/.m2/repository/org/xmlresolver/xmlresolver/5.2.2/xmlresolver-5.2.2-data.jar:/Users/emmanueldemey/.m2/repository/org/freemarker/freemarker/2.3.34/freemarker-2.3.34.jar:/Users/emmanueldemey/.m2/repository/fr/opensagres/xdocreport/fr.opensagres.xdocreport.document.odt/2.1.0/fr.opensagres.xdocreport.document.odt-2.1.0.jar:/Users/emmanueldemey/.m2/repository/fr/opensagres/xdocreport/fr.opensagres.xdocreport.document/2.1.0/fr.opensagres.xdocreport.document-2.1.0.jar:/Users/emmanueldemey/.m2/repository/fr/opensagres/xdocreport/fr.opensagres.xdocreport.core/2.1.0/fr.opensagres.xdocreport.core-2.1.0.jar:/Users/emmanueldemey/.m2/repository/fr/opensagres/xdocreport/fr.opensagres.xdocreport.converter/2.1.0/fr.opensagres.xdocreport.converter-2.1.0.jar:/Users/emmanueldemey/.m2/repository/fr/opensagres/xdocreport/fr.opensagres.xdocreport.template.freemarker/2.1.0/fr.opensagres.xdocreport.template.freemarker-2.1.0.jar:/Users/emmanueldemey/.m2/repository/fr/opensagres/xdocreport/fr.opensagres.xdocreport.template/2.1.0/fr.opensagres.xdocreport.template-2.1.0.jar:/Users/emmanueldemey/.m2/repository/com/vladsch/flexmark/flexmark-html2md-converter/0.64.8/flexmark-html2md-converter-0.64.8.jar:/Users/emmanueldemey/.m2/repository/com/vladsch/flexmark/flexmark-util/0.64.8/flexmark-util-0.64.8.jar:/Users/emmanueldemey/.m2/repository/com/vladsch/flexmark/flexmark-util-ast/0.64.8/flexmark-util-ast-0.64.8.jar:/Users/emmanueldemey/.m2/repository/com/vladsch/flexmark/flexmark-util-builder/0.64.8/flexmark-util-builder-0.64.8.jar:/Users/emmanueldemey/.m2/repository/com/vladsch/flexmark/flexmark-util-collection/0.64.8/flexmark-util-collection-0.64.8.jar:/Users/emmanueldemey/.m2/repository/com/vladsch/flexmark/flexmark-util-data/0.64.8/flexmark-util-data-0.64.8.jar:/Users/emmanueldemey/.m2/repository/com/vladsch/flexmark/flexmark-util-dependency/0.64.8/flexmark-util-dependency-0.64.8.jar:/Users/emmanueldemey/.m2/repository/com/vladsch/flexmark/flexmark-util-format/0.64.8/flexmark-util-format-0.64.8.jar:/Users/emmanueldemey/.m2/repository/com/vladsch/flexmark/flexmark-util-html/0.64.8/flexmark-util-html-0.64.8.jar:/Users/emmanueldemey/.m2/repository/com/vladsch/flexmark/flexmark-util-misc/0.64.8/flexmark-util-misc-0.64.8.jar:/Users/emmanueldemey/.m2/repository/com/vladsch/flexmark/flexmark-util-options/0.64.8/flexmark-util-options-0.64.8.jar:/Users/emmanueldemey/.m2/repository/com/vladsch/flexmark/flexmark-util-sequence/0.64.8/flexmark-util-sequence-0.64.8.jar:/Users/emmanueldemey/.m2/repository/com/vladsch/flexmark/flexmark-util-visitor/0.64.8/flexmark-util-visitor-0.64.8.jar:/Users/emmanueldemey/.m2/repository/org/jetbrains/annotations/24.0.1/annotations-24.0.1.jar:/Users/emmanueldemey/.m2/repository/com/vladsch/flexmark/flexmark/0.64.8/flexmark-0.64.8.jar:/Users/emmanueldemey/.m2/repository/com/vladsch/flexmark/flexmark-ext-emoji/0.64.8/flexmark-ext-emoji-0.64.8.jar:/Users/emmanueldemey/.m2/repository/com/vladsch/flexmark/flexmark-jira-converter/0.64.8/flexmark-jira-converter-0.64.8.jar:/Users/emmanueldemey/.m2/repository/com/vladsch/flexmark/flexmark-ext-gfm-strikethrough/0.64.8/flexmark-ext-gfm-strikethrough-0.64.8.jar:/Users/emmanueldemey/.m2/repository/com/vladsch/flexmark/flexmark-ext-tables/0.64.8/flexmark-ext-tables-0.64.8.jar:/Users/emmanueldemey/.m2/repository/com/vladsch/flexmark/flexmark-ext-wikilink/0.64.8/flexmark-ext-wikilink-0.64.8.jar:/Users/emmanueldemey/.m2/repository/com/vladsch/flexmark/flexmark-ext-ins/0.64.8/flexmark-ext-ins-0.64.8.jar:/Users/emmanueldemey/.m2/repository/com/vladsch/flexmark/flexmark-ext-superscript/0.64.8/flexmark-ext-superscript-0.64.8.jar:/Users/emmanueldemey/.m2/repository/org/jsoup/jsoup/1.15.4/jsoup-1.15.4.jar:/Users/emmanueldemey/.m2/repository/io/soabase/record-builder/record-builder-core/44/record-builder-core-44.jar:/Users/emmanueldemey/.m2/repository/org/testcontainers/minio/1.21.3/minio-1.21.3.jar:/Users/emmanueldemey/.m2/repository/org/testcontainers/testcontainers/1.21.3/testcontainers-1.21.3.jar:/Users/emmanueldemey/.m2/repository/junit/junit/4.13.2/junit-4.13.2.jar:/Users/emmanueldemey/.m2/repository/org/hamcrest/hamcrest-core/3.0/hamcrest-core-3.0.jar:/Users/emmanueldemey/.m2/repository/org/rnorth/duct-tape/duct-tape/1.0.8/duct-tape-1.0.8.jar:/Users/emmanueldemey/.m2/repository/com/github/docker-java/docker-java-api/3.4.2/docker-java-api-3.4.2.jar:/Users/emmanueldemey/.m2/repository/com/github/docker-java/docker-java-transport-zerodep/3.4.2/docker-java-transport-zerodep-3.4.2.jar:/Users/emmanueldemey/.m2/repository/com/github/docker-java/docker-java-transport/3.4.2/docker-java-transport-3.4.2.jar:/Users/emmanueldemey/.m2/repository/net/java/dev/jna/jna/5.13.0/jna-5.13.0.jar:/Users/emmanueldemey/.m2/repository/com/tngtech/archunit/archunit-junit5/1.4.1/archunit-junit5-1.4.1.jar:/Users/emmanueldemey/.m2/repository/com/tngtech/archunit/archunit-junit5-api/1.4.1/archunit-junit5-api-1.4.1.jar:/Users/emmanueldemey/.m2/repository/com/tngtech/archunit/archunit/1.4.1/archunit-1.4.1.jar:/Users/emmanueldemey/.m2/repository/com/tngtech/archunit/archunit-junit5-engine/1.4.1/archunit-junit5-engine-1.4.1.jar:/Users/emmanueldemey/.m2/repository/com/tngtech/archunit/archunit-junit5-engine-api/1.4.1/archunit-junit5-engine-api-1.4.1.jar:/Users/emmanueldemey/.m2/repository/org/testcontainers/junit-jupiter/1.21.3/junit-jupiter-1.21.3.jar:"/>
    <property name="java.vm.vendor" value="Eclipse Adoptium"/>
    <property name="sun.arch.data.model" value="64"/>
    <property name="java.vendor.url" value="https://adoptium.net/"/>
    <property name="user.timezone" value="Europe/London"/>
    <property name="os.name" value="Mac OS X"/>
    <property name="java.vm.specification.version" value="23"/>
    <property name="sun.java.launcher" value="SUN_STANDARD"/>
    <property name="user.country" value="FR"/>
    <property name="sun.boot.library.path" value="/Library/Java/JavaVirtualMachines/temurin-23.jdk/Contents/Home/lib"/>
    <property name="sun.java.command" value="/Users/emmanueldemey/Documents/workspaces/Bauhaus-Back-Office/module-infrastructure/target/surefire/surefirebooter-20250909111533411_424.jar /Users/emmanueldemey/Documents/workspaces/Bauhaus-Back-Office/module-infrastructure/target/surefire 2025-09-09T11-11-06_831-jvmRun1 surefire-20250909111533411_422tmp surefire_2-20250909111533411_423tmp"/>
    <property name="http.nonProxyHosts" value="local|*.local|169.254/16|*.169.254/16"/>
    <property name="jdk.debug" value="release"/>
    <property name="surefire.test.class.path" value="/Users/emmanueldemey/Documents/workspaces/Bauhaus-Back-Office/module-infrastructure/target/test-classes:/Users/emmanueldemey/Documents/workspaces/Bauhaus-Back-Office/module-infrastructure/target/classes:/Users/emmanueldemey/.m2/repository/org/springframework/boot/spring-boot-starter-web/3.5.5/spring-boot-starter-web-3.5.5.jar:/Users/emmanueldemey/.m2/repository/org/springframework/boot/spring-boot-starter/3.5.5/spring-boot-starter-3.5.5.jar:/Users/emmanueldemey/.m2/repository/org/springframework/boot/spring-boot/3.5.5/spring-boot-3.5.5.jar:/Users/emmanueldemey/.m2/repository/org/springframework/boot/spring-boot-autoconfigure/3.5.5/spring-boot-autoconfigure-3.5.5.jar:/Users/emmanueldemey/.m2/repository/org/springframework/boot/spring-boot-starter-logging/3.5.5/spring-boot-starter-logging-3.5.5.jar:/Users/emmanueldemey/.m2/repository/ch/qos/logback/logback-classic/1.5.18/logback-classic-1.5.18.jar:/Users/emmanueldemey/.m2/repository/ch/qos/logback/logback-core/1.5.18/logback-core-1.5.18.jar:/Users/emmanueldemey/.m2/repository/org/apache/logging/log4j/log4j-to-slf4j/2.24.3/log4j-to-slf4j-2.24.3.jar:/Users/emmanueldemey/.m2/repository/org/apache/logging/log4j/log4j-api/2.24.3/log4j-api-2.24.3.jar:/Users/emmanueldemey/.m2/repository/org/slf4j/jul-to-slf4j/2.0.17/jul-to-slf4j-2.0.17.jar:/Users/emmanueldemey/.m2/repository/jakarta/annotation/jakarta.annotation-api/2.1.1/jakarta.annotation-api-2.1.1.jar:/Users/emmanueldemey/.m2/repository/org/yaml/snakeyaml/2.4/snakeyaml-2.4.jar:/Users/emmanueldemey/.m2/repository/org/springframework/boot/spring-boot-starter-json/3.5.5/spring-boot-starter-json-3.5.5.jar:/Users/emmanueldemey/.m2/repository/com/fasterxml/jackson/datatype/jackson-datatype-jdk8/2.19.2/jackson-datatype-jdk8-2.19.2.jar:/Users/emmanueldemey/.m2/repository/com/fasterxml/jackson/datatype/jackson-datatype-jsr310/2.19.2/jackson-datatype-jsr310-2.19.2.jar:/Users/emmanueldemey/.m2/repository/com/fasterxml/jackson/module/jackson-module-parameter-names/2.19.2/jackson-module-parameter-names-2.19.2.jar:/Users/emmanueldemey/.m2/repository/org/springframework/boot/spring-boot-starter-tomcat/3.5.5/spring-boot-starter-tomcat-3.5.5.jar:/Users/emmanueldemey/.m2/repository/org/apache/tomcat/embed/tomcat-embed-core/10.1.44/tomcat-embed-core-10.1.44.jar:/Users/emmanueldemey/.m2/repository/org/apache/tomcat/embed/tomcat-embed-el/10.1.44/tomcat-embed-el-10.1.44.jar:/Users/emmanueldemey/.m2/repository/org/apache/tomcat/embed/tomcat-embed-websocket/10.1.44/tomcat-embed-websocket-10.1.44.jar:/Users/emmanueldemey/.m2/repository/org/springframework/spring-web/6.2.10/spring-web-6.2.10.jar:/Users/emmanueldemey/.m2/repository/org/springframework/spring-beans/6.2.10/spring-beans-6.2.10.jar:/Users/emmanueldemey/.m2/repository/io/micrometer/micrometer-observation/1.15.3/micrometer-observation-1.15.3.jar:/Users/emmanueldemey/.m2/repository/io/micrometer/micrometer-commons/1.15.3/micrometer-commons-1.15.3.jar:/Users/emmanueldemey/.m2/repository/org/springframework/spring-webmvc/6.2.10/spring-webmvc-6.2.10.jar:/Users/emmanueldemey/.m2/repository/org/springframework/spring-context/6.2.10/spring-context-6.2.10.jar:/Users/emmanueldemey/.m2/repository/org/springframework/spring-expression/6.2.10/spring-expression-6.2.10.jar:/Users/emmanueldemey/.m2/repository/io/minio/minio/8.5.17/minio-8.5.17.jar:/Users/emmanueldemey/.m2/repository/com/carrotsearch/thirdparty/simple-xml-safe/2.7.1/simple-xml-safe-2.7.1.jar:/Users/emmanueldemey/.m2/repository/com/google/guava/guava/33.3.1-jre/guava-33.3.1-jre.jar:/Users/emmanueldemey/.m2/repository/com/google/guava/failureaccess/1.0.2/failureaccess-1.0.2.jar:/Users/emmanueldemey/.m2/repository/com/google/guava/listenablefuture/9999.0-empty-to-avoid-conflict-with-guava/listenablefuture-9999.0-empty-to-avoid-conflict-with-guava.jar:/Users/emmanueldemey/.m2/repository/com/google/code/findbugs/jsr305/3.0.2/jsr305-3.0.2.jar:/Users/emmanueldemey/.m2/repository/org/checkerframework/checker-qual/3.43.0/checker-qual-3.43.0.jar:/Users/emmanueldemey/.m2/repository/com/google/errorprone/error_prone_annotations/2.28.0/error_prone_annotations-2.28.0.jar:/Users/emmanueldemey/.m2/repository/com/google/j2objc/j2objc-annotations/3.0.0/j2objc-annotations-3.0.0.jar:/Users/emmanueldemey/.m2/repository/com/squareup/okhttp3/okhttp/4.12.0/okhttp-4.12.0.jar:/Users/emmanueldemey/.m2/repository/com/squareup/okio/okio/3.6.0/okio-3.6.0.jar:/Users/emmanueldemey/.m2/repository/com/squareup/okio/okio-jvm/3.6.0/okio-jvm-3.6.0.jar:/Users/emmanueldemey/.m2/repository/org/jetbrains/kotlin/kotlin-stdlib-common/1.9.25/kotlin-stdlib-common-1.9.25.jar:/Users/emmanueldemey/.m2/repository/org/jetbrains/kotlin/kotlin-stdlib-jdk8/1.9.25/kotlin-stdlib-jdk8-1.9.25.jar:/Users/emmanueldemey/.m2/repository/org/jetbrains/kotlin/kotlin-stdlib/1.9.25/kotlin-stdlib-1.9.25.jar:/Users/emmanueldemey/.m2/repository/org/jetbrains/kotlin/kotlin-stdlib-jdk7/1.9.25/kotlin-stdlib-jdk7-1.9.25.jar:/Users/emmanueldemey/.m2/repository/com/fasterxml/jackson/core/jackson-annotations/2.19.2/jackson-annotations-2.19.2.jar:/Users/emmanueldemey/.m2/repository/com/fasterxml/jackson/core/jackson-core/2.19.2/jackson-core-2.19.2.jar:/Users/emmanueldemey/.m2/repository/com/fasterxml/jackson/core/jackson-databind/2.19.2/jackson-databind-2.19.2.jar:/Users/emmanueldemey/.m2/repository/org/bouncycastle/bcprov-jdk18on/1.78.1/bcprov-jdk18on-1.78.1.jar:/Users/emmanueldemey/.m2/repository/org/apache/commons/commons-compress/1.27.1/commons-compress-1.27.1.jar:/Users/emmanueldemey/.m2/repository/commons-io/commons-io/2.16.1/commons-io-2.16.1.jar:/Users/emmanueldemey/.m2/repository/org/apache/commons/commons-lang3/3.17.0/commons-lang3-3.17.0.jar:/Users/emmanueldemey/.m2/repository/commons-codec/commons-codec/1.18.0/commons-codec-1.18.0.jar:/Users/emmanueldemey/.m2/repository/org/xerial/snappy/snappy-java/1.1.10.7/snappy-java-1.1.10.7.jar:/Users/emmanueldemey/.m2/repository/com/fasterxml/jackson/dataformat/jackson-dataformat-xml/2.19.2/jackson-dataformat-xml-2.19.2.jar:/Users/emmanueldemey/.m2/repository/org/codehaus/woodstox/stax2-api/4.2.2/stax2-api-4.2.2.jar:/Users/emmanueldemey/.m2/repository/com/fasterxml/woodstox/woodstox-core/7.1.1/woodstox-core-7.1.1.jar:/Users/emmanueldemey/.m2/repository/org/zeroturnaround/zt-zip/1.17/zt-zip-1.17.jar:/Users/emmanueldemey/.m2/repository/org/slf4j/slf4j-api/2.0.17/slf4j-api-2.0.17.jar:/Users/emmanueldemey/.m2/repository/org/glassfish/jaxb/jaxb-runtime/4.0.5/jaxb-runtime-4.0.5.jar:/Users/emmanueldemey/.m2/repository/org/glassfish/jaxb/jaxb-core/4.0.5/jaxb-core-4.0.5.jar:/Users/emmanueldemey/.m2/repository/jakarta/activation/jakarta.activation-api/2.1.3/jakarta.activation-api-2.1.3.jar:/Users/emmanueldemey/.m2/repository/org/eclipse/angus/angus-activation/2.0.2/angus-activation-2.0.2.jar:/Users/emmanueldemey/.m2/repository/org/glassfish/jaxb/txw2/4.0.5/txw2-4.0.5.jar:/Users/emmanueldemey/.m2/repository/com/sun/istack/istack-commons-runtime/4.1.2/istack-commons-runtime-4.1.2.jar:/Users/emmanueldemey/.m2/repository/jakarta/validation/jakarta.validation-api/3.0.2/jakarta.validation-api-3.0.2.jar:/Users/emmanueldemey/.m2/repository/org/springframework/boot/spring-boot-starter-oauth2-resource-server/3.5.5/spring-boot-starter-oauth2-resource-server-3.5.5.jar:/Users/emmanueldemey/.m2/repository/org/springframework/security/spring-security-config/6.5.3/spring-security-config-6.5.3.jar:/Users/emmanueldemey/.m2/repository/org/springframework/security/spring-security-core/6.5.3/spring-security-core-6.5.3.jar:/Users/emmanueldemey/.m2/repository/org/springframework/security/spring-security-crypto/6.5.3/spring-security-crypto-6.5.3.jar:/Users/emmanueldemey/.m2/repository/org/springframework/security/spring-security-oauth2-resource-server/6.5.3/spring-security-oauth2-resource-server-6.5.3.jar:/Users/emmanueldemey/.m2/repository/org/springframework/security/spring-security-oauth2-core/6.5.3/spring-security-oauth2-core-6.5.3.jar:/Users/emmanueldemey/.m2/repository/org/springframework/security/spring-security-oauth2-jose/6.5.3/spring-security-oauth2-jose-6.5.3.jar:/Users/emmanueldemey/.m2/repository/com/nimbusds/nimbus-jose-jwt/9.37.3/nimbus-jose-jwt-9.37.3.jar:/Users/emmanueldemey/.m2/repository/com/github/stephenc/jcip/jcip-annotations/1.0-1/jcip-annotations-1.0-1.jar:/Users/emmanueldemey/.m2/repository/org/springframework/boot/spring-boot-starter-security/3.5.5/spring-boot-starter-security-3.5.5.jar:/Users/emmanueldemey/.m2/repository/org/springframework/spring-aop/6.2.10/spring-aop-6.2.10.jar:/Users/emmanueldemey/.m2/repository/org/springframework/security/spring-security-web/6.5.3/spring-security-web-6.5.3.jar:/Users/emmanueldemey/.m2/repository/com/auth0/java-jwt/4.5.0/java-jwt-4.5.0.jar:/Users/emmanueldemey/.m2/repository/org/springframework/boot/spring-boot-starter-test/3.5.5/spring-boot-starter-test-3.5.5.jar:/Users/emmanueldemey/.m2/repository/org/springframework/boot/spring-boot-test/3.5.5/spring-boot-test-3.5.5.jar:/Users/emmanueldemey/.m2/repository/org/springframework/boot/spring-boot-test-autoconfigure/3.5.5/spring-boot-test-autoconfigure-3.5.5.jar:/Users/emmanueldemey/.m2/repository/com/jayway/jsonpath/json-path/2.9.0/json-path-2.9.0.jar:/Users/emmanueldemey/.m2/repository/jakarta/xml/bind/jakarta.xml.bind-api/4.0.2/jakarta.xml.bind-api-4.0.2.jar:/Users/emmanueldemey/.m2/repository/net/minidev/json-smart/2.5.2/json-smart-2.5.2.jar:/Users/emmanueldemey/.m2/repository/net/minidev/accessors-smart/2.5.2/accessors-smart-2.5.2.jar:/Users/emmanueldemey/.m2/repository/org/ow2/asm/asm/9.7.1/asm-9.7.1.jar:/Users/emmanueldemey/.m2/repository/org/assertj/assertj-core/3.27.4/assertj-core-3.27.4.jar:/Users/emmanueldemey/.m2/repository/net/bytebuddy/byte-buddy/1.17.7/byte-buddy-1.17.7.jar:/Users/emmanueldemey/.m2/repository/org/awaitility/awaitility/4.2.2/awaitility-4.2.2.jar:/Users/emmanueldemey/.m2/repository/org/hamcrest/hamcrest/3.0/hamcrest-3.0.jar:/Users/emmanueldemey/.m2/repository/org/junit/jupiter/junit-jupiter/5.12.2/junit-jupiter-5.12.2.jar:/Users/emmanueldemey/.m2/repository/org/junit/jupiter/junit-jupiter-api/5.12.2/junit-jupiter-api-5.12.2.jar:/Users/emmanueldemey/.m2/repository/org/opentest4j/opentest4j/1.3.0/opentest4j-1.3.0.jar:/Users/emmanueldemey/.m2/repository/org/junit/platform/junit-platform-commons/1.12.2/junit-platform-commons-1.12.2.jar:/Users/emmanueldemey/.m2/repository/org/apiguardian/apiguardian-api/1.1.2/apiguardian-api-1.1.2.jar:/Users/emmanueldemey/.m2/repository/org/junit/jupiter/junit-jupiter-params/5.12.2/junit-jupiter-params-5.12.2.jar:/Users/emmanueldemey/.m2/repository/org/junit/jupiter/junit-jupiter-engine/5.12.2/junit-jupiter-engine-5.12.2.jar:/Users/emmanueldemey/.m2/repository/org/junit/platform/junit-platform-engine/1.12.2/junit-platform-engine-1.12.2.jar:/Users/emmanueldemey/.m2/repository/org/mockito/mockito-core/5.17.0/mockito-core-5.17.0.jar:/Users/emmanueldemey/.m2/repository/net/bytebuddy/byte-buddy-agent/1.17.7/byte-buddy-agent-1.17.7.jar:/Users/emmanueldemey/.m2/repository/org/objenesis/objenesis/3.3/objenesis-3.3.jar:/Users/emmanueldemey/.m2/repository/org/mockito/mockito-junit-jupiter/5.17.0/mockito-junit-jupiter-5.17.0.jar:/Users/emmanueldemey/.m2/repository/org/skyscreamer/jsonassert/1.5.3/jsonassert-1.5.3.jar:/Users/emmanueldemey/.m2/repository/org/springframework/spring-core/6.2.10/spring-core-6.2.10.jar:/Users/emmanueldemey/.m2/repository/org/springframework/spring-jcl/6.2.10/spring-jcl-6.2.10.jar:/Users/emmanueldemey/.m2/repository/org/springframework/spring-test/6.2.10/spring-test-6.2.10.jar:/Users/emmanueldemey/.m2/repository/org/springframework/security/spring-security-test/6.5.3/spring-security-test-6.5.3.jar:/Users/emmanueldemey/.m2/repository/org/xmlunit/xmlunit-core/2.10.3/xmlunit-core-2.10.3.jar:/Users/emmanueldemey/.m2/repository/org/springdoc/springdoc-openapi-starter-webmvc-ui/2.8.3/springdoc-openapi-starter-webmvc-ui-2.8.3.jar:/Users/emmanueldemey/.m2/repository/org/springdoc/springdoc-openapi-starter-webmvc-api/2.8.3/springdoc-openapi-starter-webmvc-api-2.8.3.jar:/Users/emmanueldemey/.m2/repository/org/springdoc/springdoc-openapi-starter-common/2.8.3/springdoc-openapi-starter-common-2.8.3.jar:/Users/emmanueldemey/.m2/repository/io/swagger/core/v3/swagger-core-jakarta/2.2.27/swagger-core-jakarta-2.2.27.jar:/Users/emmanueldemey/.m2/repository/io/swagger/core/v3/swagger-annotations-jakarta/2.2.27/swagger-annotations-jakarta-2.2.27.jar:/Users/emmanueldemey/.m2/repository/io/swagger/core/v3/swagger-models-jakarta/2.2.27/swagger-models-jakarta-2.2.27.jar:/Users/emmanueldemey/.m2/repository/com/fasterxml/jackson/dataformat/jackson-dataformat-yaml/2.19.2/jackson-dataformat-yaml-2.19.2.jar:/Users/emmanueldemey/.m2/repository/org/webjars/swagger-ui/5.18.2/swagger-ui-5.18.2.jar:/Users/emmanueldemey/.m2/repository/org/webjars/webjars-locator-lite/1.1.0/webjars-locator-lite-1.1.0.jar:/Users/emmanueldemey/.m2/repository/org/jspecify/jspecify/1.0.0/jspecify-1.0.0.jar:/Users/emmanueldemey/.m2/repository/org/eclipse/rdf4j/rdf4j-repository-http/5.1.0/rdf4j-repository-http-5.1.0.jar:/Users/emmanueldemey/.m2/repository/org/eclipse/rdf4j/rdf4j-repository-api/5.1.0/rdf4j-repository-api-5.1.0.jar:/Users/emmanueldemey/.m2/repository/org/eclipse/rdf4j/rdf4j-common-transaction/5.1.0/rdf4j-common-transaction-5.1.0.jar:/Users/emmanueldemey/.m2/repository/org/eclipse/rdf4j/rdf4j-http-client/5.1.0/rdf4j-http-client-5.1.0.jar:/Users/emmanueldemey/.m2/repository/org/eclipse/rdf4j/rdf4j-queryresultio-binary/5.1.0/rdf4j-queryresultio-binary-5.1.0.jar:/Users/emmanueldemey/.m2/repository/org/eclipse/rdf4j/rdf4j-queryresultio-sparqlxml/5.1.0/rdf4j-queryresultio-sparqlxml-5.1.0.jar:/Users/emmanueldemey/.m2/repository/org/apache/httpcomponents/httpclient/4.5.14/httpclient-4.5.14.jar:/Users/emmanueldemey/.m2/repository/org/apache/httpcomponents/httpcore/4.4.16/httpcore-4.4.16.jar:/Users/emmanueldemey/.m2/repository/org/eclipse/rdf4j/rdf4j-sail-api/5.1.0/rdf4j-sail-api-5.1.0.jar:/Users/emmanueldemey/.m2/repository/org/eclipse/rdf4j/rdf4j-common-order/5.1.0/rdf4j-common-order-5.1.0.jar:/Users/emmanueldemey/.m2/repository/org/eclipse/rdf4j/rdf4j-collection-factory-api/5.1.0/rdf4j-collection-factory-api-5.1.0.jar:/Users/emmanueldemey/.m2/repository/org/eclipse/rdf4j/rdf4j-http-protocol/5.1.0/rdf4j-http-protocol-5.1.0.jar:/Users/emmanueldemey/.m2/repository/org/eclipse/rdf4j/rdf4j-rio-ntriples/5.1.0/rdf4j-rio-ntriples-5.1.0.jar:/Users/emmanueldemey/.m2/repository/org/eclipse/rdf4j/rdf4j-common-xml/5.1.0/rdf4j-common-xml-5.1.0.jar:/Users/emmanueldemey/.m2/repository/org/eclipse/rdf4j/rdf4j-query/5.1.0/rdf4j-query-5.1.0.jar:/Users/emmanueldemey/.m2/repository/org/apache/commons/commons-text/1.10.0/commons-text-1.10.0.jar:/Users/emmanueldemey/.m2/repository/org/eclipse/rdf4j/rdf4j-queryparser-api/5.1.0/rdf4j-queryparser-api-5.1.0.jar:/Users/emmanueldemey/.m2/repository/org/eclipse/rdf4j/rdf4j-queryalgebra-model/5.1.0/rdf4j-queryalgebra-model-5.1.0.jar:/Users/emmanueldemey/.m2/repository/org/eclipse/rdf4j/rdf4j-queryresultio-api/5.1.0/rdf4j-queryresultio-api-5.1.0.jar:/Users/emmanueldemey/.m2/repository/org/eclipse/rdf4j/rdf4j-rio-api/5.1.0/rdf4j-rio-api-5.1.0.jar:/Users/emmanueldemey/.m2/repository/no/hasmac/hasmac-json-ld/0.9.0/hasmac-json-ld-0.9.0.jar:/Users/emmanueldemey/.m2/repository/com/github/jsonld-java/jsonld-java/0.13.4/jsonld-java-0.13.4.jar:/Users/emmanueldemey/.m2/repository/org/eclipse/rdf4j/rdf4j-model/5.1.0/rdf4j-model-5.1.0.jar:/Users/emmanueldemey/.m2/repository/org/eclipse/rdf4j/rdf4j-model-api/5.1.0/rdf4j-model-api-5.1.0.jar:/Users/emmanueldemey/.m2/repository/org/eclipse/rdf4j/rdf4j-common-annotation/5.1.0/rdf4j-common-annotation-5.1.0.jar:/Users/emmanueldemey/.m2/repository/org/eclipse/rdf4j/rdf4j-model-vocabulary/5.1.0/rdf4j-model-vocabulary-5.1.0.jar:/Users/emmanueldemey/.m2/repository/org/eclipse/rdf4j/rdf4j-common-exception/5.1.0/rdf4j-common-exception-5.1.0.jar:/Users/emmanueldemey/.m2/repository/org/eclipse/rdf4j/rdf4j-common-text/5.1.0/rdf4j-common-text-5.1.0.jar:/Users/emmanueldemey/.m2/repository/org/eclipse/rdf4j/rdf4j-common-io/5.1.0/rdf4j-common-io-5.1.0.jar:/Users/emmanueldemey/.m2/repository/org/eclipse/rdf4j/rdf4j-common-iterator/5.1.0/rdf4j-common-iterator-5.1.0.jar:/Users/emmanueldemey/.m2/repository/org/eclipse/rdf4j/rdf4j-rio-binary/5.1.0/rdf4j-rio-binary-5.1.0.jar:/Users/emmanueldemey/.m2/repository/org/eclipse/rdf4j/rdf4j-queryresultio-sparqljson/5.1.0/rdf4j-queryresultio-sparqljson-5.1.0.jar:/Users/emmanueldemey/.m2/repository/org/eclipse/rdf4j/rdf4j-rio-trig/5.1.0/rdf4j-rio-trig-5.1.0.jar:/Users/emmanueldemey/.m2/repository/org/eclipse/rdf4j/rdf4j-rio-turtle/5.1.0/rdf4j-rio-turtle-5.1.0.jar:/Users/emmanueldemey/.m2/repository/org/eclipse/rdf4j/rdf4j-rio-datatypes/5.1.0/rdf4j-rio-datatypes-5.1.0.jar:/Users/emmanueldemey/.m2/repository/org/eclipse/rdf4j/rdf4j-rio-languages/5.1.0/rdf4j-rio-languages-5.1.0.jar:/Users/emmanueldemey/.m2/repository/org/json/json/20250107/json-20250107.jar:/Users/emmanueldemey/.m2/repository/net/sf/saxon/Saxon-HE/12.5/Saxon-HE-12.5.jar:/Users/emmanueldemey/.m2/repository/org/xmlresolver/xmlresolver/5.2.2/xmlresolver-5.2.2.jar:/Users/emmanueldemey/.m2/repository/org/apache/httpcomponents/client5/httpclient5/5.5/httpclient5-5.5.jar:/Users/emmanueldemey/.m2/repository/org/apache/httpcomponents/core5/httpcore5-h2/5.3.4/httpcore5-h2-5.3.4.jar:/Users/emmanueldemey/.m2/repository/org/apache/httpcomponents/core5/httpcore5/5.3.4/httpcore5-5.3.4.jar:/Users/emmanueldemey/.m2/repository/org/xmlresolver/xmlresolver/5.2.2/xmlresolver-5.2.2-data.jar:/Users/emmanueldemey/.m2/repository/org/freemarker/freemarker/2.3.34/freemarker-2.3.34.jar:/Users/emmanueldemey/.m2/repository/fr/opensagres/xdocreport/fr.opensagres.xdocreport.document.odt/2.1.0/fr.opensagres.xdocreport.document.odt-2.1.0.jar:/Users/emmanueldemey/.m2/repository/fr/opensagres/xdocreport/fr.opensagres.xdocreport.document/2.1.0/fr.opensagres.xdocreport.document-2.1.0.jar:/Users/emmanueldemey/.m2/repository/fr/opensagres/xdocreport/fr.opensagres.xdocreport.core/2.1.0/fr.opensagres.xdocreport.core-2.1.0.jar:/Users/emmanueldemey/.m2/repository/fr/opensagres/xdocreport/fr.opensagres.xdocreport.converter/2.1.0/fr.opensagres.xdocreport.converter-2.1.0.jar:/Users/emmanueldemey/.m2/repository/fr/opensagres/xdocreport/fr.opensagres.xdocreport.template.freemarker/2.1.0/fr.opensagres.xdocreport.template.freemarker-2.1.0.jar:/Users/emmanueldemey/.m2/repository/fr/opensagres/xdocreport/fr.opensagres.xdocreport.template/2.1.0/fr.opensagres.xdocreport.template-2.1.0.jar:/Users/emmanueldemey/.m2/repository/com/vladsch/flexmark/flexmark-html2md-converter/0.64.8/flexmark-html2md-converter-0.64.8.jar:/Users/emmanueldemey/.m2/repository/com/vladsch/flexmark/flexmark-util/0.64.8/flexmark-util-0.64.8.jar:/Users/emmanueldemey/.m2/repository/com/vladsch/flexmark/flexmark-util-ast/0.64.8/flexmark-util-ast-0.64.8.jar:/Users/emmanueldemey/.m2/repository/com/vladsch/flexmark/flexmark-util-builder/0.64.8/flexmark-util-builder-0.64.8.jar:/Users/emmanueldemey/.m2/repository/com/vladsch/flexmark/flexmark-util-collection/0.64.8/flexmark-util-collection-0.64.8.jar:/Users/emmanueldemey/.m2/repository/com/vladsch/flexmark/flexmark-util-data/0.64.8/flexmark-util-data-0.64.8.jar:/Users/emmanueldemey/.m2/repository/com/vladsch/flexmark/flexmark-util-dependency/0.64.8/flexmark-util-dependency-0.64.8.jar:/Users/emmanueldemey/.m2/repository/com/vladsch/flexmark/flexmark-util-format/0.64.8/flexmark-util-format-0.64.8.jar:/Users/emmanueldemey/.m2/repository/com/vladsch/flexmark/flexmark-util-html/0.64.8/flexmark-util-html-0.64.8.jar:/Users/emmanueldemey/.m2/repository/com/vladsch/flexmark/flexmark-util-misc/0.64.8/flexmark-util-misc-0.64.8.jar:/Users/emmanueldemey/.m2/repository/com/vladsch/flexmark/flexmark-util-options/0.64.8/flexmark-util-options-0.64.8.jar:/Users/emmanueldemey/.m2/repository/com/vladsch/flexmark/flexmark-util-sequence/0.64.8/flexmark-util-sequence-0.64.8.jar:/Users/emmanueldemey/.m2/repository/com/vladsch/flexmark/flexmark-util-visitor/0.64.8/flexmark-util-visitor-0.64.8.jar:/Users/emmanueldemey/.m2/repository/org/jetbrains/annotations/24.0.1/annotations-24.0.1.jar:/Users/emmanueldemey/.m2/repository/com/vladsch/flexmark/flexmark/0.64.8/flexmark-0.64.8.jar:/Users/emmanueldemey/.m2/repository/com/vladsch/flexmark/flexmark-ext-emoji/0.64.8/flexmark-ext-emoji-0.64.8.jar:/Users/emmanueldemey/.m2/repository/com/vladsch/flexmark/flexmark-jira-converter/0.64.8/flexmark-jira-converter-0.64.8.jar:/Users/emmanueldemey/.m2/repository/com/vladsch/flexmark/flexmark-ext-gfm-strikethrough/0.64.8/flexmark-ext-gfm-strikethrough-0.64.8.jar:/Users/emmanueldemey/.m2/repository/com/vladsch/flexmark/flexmark-ext-tables/0.64.8/flexmark-ext-tables-0.64.8.jar:/Users/emmanueldemey/.m2/repository/com/vladsch/flexmark/flexmark-ext-wikilink/0.64.8/flexmark-ext-wikilink-0.64.8.jar:/Users/emmanueldemey/.m2/repository/com/vladsch/flexmark/flexmark-ext-ins/0.64.8/flexmark-ext-ins-0.64.8.jar:/Users/emmanueldemey/.m2/repository/com/vladsch/flexmark/flexmark-ext-superscript/0.64.8/flexmark-ext-superscript-0.64.8.jar:/Users/emmanueldemey/.m2/repository/org/jsoup/jsoup/1.15.4/jsoup-1.15.4.jar:/Users/emmanueldemey/.m2/repository/io/soabase/record-builder/record-builder-core/44/record-builder-core-44.jar:/Users/emmanueldemey/.m2/repository/org/testcontainers/minio/1.21.3/minio-1.21.3.jar:/Users/emmanueldemey/.m2/repository/org/testcontainers/testcontainers/1.21.3/testcontainers-1.21.3.jar:/Users/emmanueldemey/.m2/repository/junit/junit/4.13.2/junit-4.13.2.jar:/Users/emmanueldemey/.m2/repository/org/hamcrest/hamcrest-core/3.0/hamcrest-core-3.0.jar:/Users/emmanueldemey/.m2/repository/org/rnorth/duct-tape/duct-tape/1.0.8/duct-tape-1.0.8.jar:/Users/emmanueldemey/.m2/repository/com/github/docker-java/docker-java-api/3.4.2/docker-java-api-3.4.2.jar:/Users/emmanueldemey/.m2/repository/com/github/docker-java/docker-java-transport-zerodep/3.4.2/docker-java-transport-zerodep-3.4.2.jar:/Users/emmanueldemey/.m2/repository/com/github/docker-java/docker-java-transport/3.4.2/docker-java-transport-3.4.2.jar:/Users/emmanueldemey/.m2/repository/net/java/dev/jna/jna/5.13.0/jna-5.13.0.jar:/Users/emmanueldemey/.m2/repository/com/tngtech/archunit/archunit-junit5/1.4.1/archunit-junit5-1.4.1.jar:/Users/emmanueldemey/.m2/repository/com/tngtech/archunit/archunit-junit5-api/1.4.1/archunit-junit5-api-1.4.1.jar:/Users/emmanueldemey/.m2/repository/com/tngtech/archunit/archunit/1.4.1/archunit-1.4.1.jar:/Users/emmanueldemey/.m2/repository/com/tngtech/archunit/archunit-junit5-engine/1.4.1/archunit-junit5-engine-1.4.1.jar:/Users/emmanueldemey/.m2/repository/com/tngtech/archunit/archunit-junit5-engine-api/1.4.1/archunit-junit5-engine-api-1.4.1.jar:/Users/emmanueldemey/.m2/repository/org/testcontainers/junit-jupiter/1.21.3/junit-jupiter-1.21.3.jar:"/>
    <property name="sun.cpu.endian" value="little"/>
    <property name="user.home" value="/Users/emmanueldemey"/>
    <property name="user.language" value="fr"/>
    <property name="java.specification.vendor" value="Oracle Corporation"/>
    <property name="java.version.date" value="2024-10-15"/>
    <property name="java.home" value="/Library/Java/JavaVirtualMachines/temurin-23.jdk/Contents/Home"/>
    <property name="file.separator" value="/"/>
    <property name="basedir" value="/Users/emmanueldemey/Documents/workspaces/Bauhaus-Back-Office/module-infrastructure"/>
    <property name="java.vm.compressedOopsMode" value="Zero based"/>
    <property name="line.separator" value="&#10;"/>
    <property name="java.vm.specification.vendor" value="Oracle Corporation"/>
    <property name="java.specification.name" value="Java Platform API Specification"/>
    <property name="apple.awt.application.name" value="ForkedBooter"/>
    <property name="surefire.real.class.path" value="/Users/emmanueldemey/Documents/workspaces/Bauhaus-Back-Office/module-infrastructure/target/surefire/surefirebooter-20250909111533411_424.jar"/>
    <property name="sun.management.compiler" value="HotSpot 64-Bit Tiered Compilers"/>
    <property name="ftp.nonProxyHosts" value="local|*.local|169.254/16|*.169.254/16"/>
    <property name="java.runtime.version" value="23.0.1+11"/>
    <property name="user.name" value="emmanueldemey"/>
    <property name="stdout.encoding" value="UTF-8"/>
    <property name="path.separator" value=":"/>
    <property name="os.version" value="14.6.1"/>
    <property name="java.runtime.name" value="OpenJDK Runtime Environment"/>
    <property name="file.encoding" value="UTF-8"/>
    <property name="java.vm.name" value="OpenJDK 64-Bit Server VM"/>
    <property name="java.vendor.version" value="Temurin-23.0.1+11"/>
    <property name="localRepository" value="/Users/emmanueldemey/.m2/repository"/>
    <property name="java.vendor.url.bug" value="https://github.com/adoptium/adoptium-support/issues"/>
    <property name="java.io.tmpdir" value="/var/folders/9s/z3lqfpcd0qn33z0kdthgcbhc0000gn/T/"/>
    <property name="java.version" value="23.0.1"/>
    <property name="user.dir" value="/Users/emmanueldemey/Documents/workspaces/Bauhaus-Back-Office/module-infrastructure"/>
    <property name="os.arch" value="x86_64"/>
    <property name="java.vm.specification.name" value="Java Virtual Machine Specification"/>
    <property name="native.encoding" value="UTF-8"/>
    <property name="java.library.path" value="/Users/emmanueldemey/Library/Java/Extensions:/Library/Java/Extensions:/Network/Library/Java/Extensions:/System/Library/Java/Extensions:/usr/lib/java:."/>
    <property name="java.vm.info" value="mixed mode"/>
    <property name="stderr.encoding" value="UTF-8"/>
    <property name="java.vendor" value="Eclipse Adoptium"/>
    <property name="java.vm.version" value="23.0.1+11"/>
    <property name="sun.io.unicode.encoding" value="UnicodeBig"/>
    <property name="socksNonProxyHosts" value="local|*.local|169.254/16|*.169.254/16"/>
    <property name="java.class.version" value="67.0"/>
  </properties>
  <testcase name="shouldAnswerWithTrue" classname="fr.insee.rmes.AppTest" time="0.036"/>
</testsuite>